27-Feb-2025 00:00:12.085 INFO [Thread-1] org.apache.coyote.AbstractProtocol.pause Le gestionnaire de protocole ["http-nio-8089"] est mis en pause
27-Feb-2025 00:00:12.090 INFO [Thread-1] org.apache.catalina.core.StandardService.stopInternal Arrêt du service [Catalina]
27-Feb-2025 00:00:12.095 WARNING [Thread-1] org.apache.catalina.loader.WebappClassLoaderBase.clearReferencesJdbc L'application web [DoctorRV_New] a enregistré un pilote JDBC [com.mysql.cj.jdbc.Driver], mais ne l'a pas désenregistré avant l'arrêt de l'application.  Pour éviter une fuite de mémoire, le pilote JDBC a été désenregistré de force.
27-Feb-2025 00:00:12.095 WARNING [Thread-1] org.apache.catalina.loader.WebappClassLoaderBase.clearReferencesThreads L'application web [DoctorRV_New] semble avoir démarré un thread nommé [mysql-cj-abandoned-connection-cleanup] mais ne l'a pas arrêté, ce qui va probablement créer une fuite de mémoire ; la trace du thread est : 
 java.base/jdk.internal.misc.Unsafe.park(Native Method)
 java.base/java.util.concurrent.locks.LockSupport.parkNanos(LockSupport.java:269)
 java.base/java.util.concurrent.locks.AbstractQueuedSynchronizer$ConditionObject.await(AbstractQueuedSynchronizer.java:1852)
 java.base/java.lang.ref.ReferenceQueue.await(ReferenceQueue.java:79)
 java.base/java.lang.ref.ReferenceQueue.remove0(ReferenceQueue.java:151)
 java.base/java.lang.ref.ReferenceQueue.remove(ReferenceQueue.java:229)
 com.mysql.cj.jdbc.AbandonedConnectionCleanupThread.run(AbandonedConnectionCleanupThread.java:91)
 java.base/java.util.concurrent.ThreadPoolExecutor.runWorker(ThreadPoolExecutor.java:1144)
 java.base/java.util.concurrent.ThreadPoolExecutor$Worker.run(ThreadPoolExecutor.java:642)
 java.base/java.lang.Thread.run(Thread.java:1575)
27-Feb-2025 00:00:12.100 INFO [Thread-1] org.apache.coyote.AbstractProtocol.stop Arrêt du gestionnaire de protocole ["http-nio-8089"]
27-Feb-2025 00:00:12.116 INFO [Thread-1] org.apache.coyote.AbstractProtocol.destroy Destruction du gestionnaire de protocole ["http-nio-8089"]
27-Feb-2025 00:00:13.677 INFO [main] org.apache.catalina.startup.VersionLoggerListener.log Nom version serveur :              Apache Tomcat/10.1.36
27-Feb-2025 00:00:13.691 INFO [main] org.apache.catalina.startup.VersionLoggerListener.log Serveur compilé :                  Feb 13 2025 13:13:30 UTC
27-Feb-2025 00:00:13.692 INFO [main] org.apache.catalina.startup.VersionLoggerListener.log Version du serveur :               10.1.36.0
27-Feb-2025 00:00:13.692 INFO [main] org.apache.catalina.startup.VersionLoggerListener.log Nom de l'OS :                      Windows 11
27-Feb-2025 00:00:13.692 INFO [main] org.apache.catalina.startup.VersionLoggerListener.log Version OS :                       10.0
27-Feb-2025 00:00:13.692 INFO [main] org.apache.catalina.startup.VersionLoggerListener.log Architecture :                     amd64
27-Feb-2025 00:00:13.692 INFO [main] org.apache.catalina.startup.VersionLoggerListener.log Java Home :                        C:\Program Files\Java\jdk-23
27-Feb-2025 00:00:13.692 INFO [main] org.apache.catalina.startup.VersionLoggerListener.log Version JVM :                      23.0.1+11-39
27-Feb-2025 00:00:13.692 INFO [main] org.apache.catalina.startup.VersionLoggerListener.log Fournisseur de la JVM :            Oracle Corporation
27-Feb-2025 00:00:13.692 INFO [main] org.apache.catalina.startup.VersionLoggerListener.log CATALINA_BASE :                    C:\Users\HP\OneDrive\Bureau\ENAA\JEE\DoctorRV-Login\DoctorRV_New
27-Feb-2025 00:00:13.692 INFO [main] org.apache.catalina.startup.VersionLoggerListener.log CATALINA_HOME :                    C:\Program Files (x86)\Apache Software Foundation\Tomcat 10.1
27-Feb-2025 00:00:13.704 INFO [main] org.apache.catalina.startup.VersionLoggerListener.log Argument de la ligne de commande : --add-opens=java.base/java.lang=ALL-UNNAMED
27-Feb-2025 00:00:13.705 INFO [main] org.apache.catalina.startup.VersionLoggerListener.log Argument de la ligne de commande : --add-opens=java.base/java.io=ALL-UNNAMED
27-Feb-2025 00:00:13.705 INFO [main] org.apache.catalina.startup.VersionLoggerListener.log Argument de la ligne de commande : --add-opens=java.base/java.util=ALL-UNNAMED
27-Feb-2025 00:00:13.705 INFO [main] org.apache.catalina.startup.VersionLoggerListener.log Argument de la ligne de commande : --add-opens=java.base/java.util.concurrent=ALL-UNNAMED
27-Feb-2025 00:00:13.705 INFO [main] org.apache.catalina.startup.VersionLoggerListener.log Argument de la ligne de commande : --add-opens=java.rmi/sun.rmi.transport=ALL-UNNAMED
27-Feb-2025 00:00:13.705 INFO [main] org.apache.catalina.startup.VersionLoggerListener.log Argument de la ligne de commande : -agentlib:jdwp=transport=dt_socket,address=127.0.0.1:58861,suspend=y,server=n
27-Feb-2025 00:00:13.705 INFO [main] org.apache.catalina.startup.VersionLoggerListener.log Argument de la ligne de commande : -Dcatalina.home=C:\Program Files (x86)\Apache Software Foundation\Tomcat 10.1
27-Feb-2025 00:00:13.705 INFO [main] org.apache.catalina.startup.VersionLoggerListener.log Argument de la ligne de commande : -Dcatalina.base=C:\Users\HP\OneDrive\Bureau\ENAA\JEE\DoctorRV-Login\DoctorRV_New
27-Feb-2025 00:00:13.705 INFO [main] org.apache.catalina.startup.VersionLoggerListener.log Argument de la ligne de commande : -Djava.io.tmpdir=C:\Users\HP\OneDrive\Bureau\ENAA\JEE\DoctorRV-Login\DoctorRV_New\temp
27-Feb-2025 00:00:13.705 INFO [main] org.apache.catalina.startup.VersionLoggerListener.log Argument de la ligne de commande : -Djava.util.logging.config.file=C:\Users\HP\OneDrive\Bureau\ENAA\JEE\DoctorRV-Login\DoctorRV_New\conf\logging.properties
27-Feb-2025 00:00:13.705 INFO [main] org.apache.catalina.startup.VersionLoggerListener.log Argument de la ligne de commande : -Djava.util.logging.manager=org.apache.juli.ClassLoaderLogManager
27-Feb-2025 00:00:13.706 INFO [main] org.apache.catalina.startup.VersionLoggerListener.log Argument de la ligne de commande : -javaagent:C:\Users\HP\AppData\Local\JetBrains\IntelliJIdea2024.3\captureAgent\debugger-agent.jar
27-Feb-2025 00:00:13.706 INFO [main] org.apache.catalina.startup.VersionLoggerListener.log Argument de la ligne de commande : -Dkotlinx.coroutines.debug.enable.creation.stack.trace=false
27-Feb-2025 00:00:13.706 INFO [main] org.apache.catalina.startup.VersionLoggerListener.log Argument de la ligne de commande : -Ddebugger.agent.enable.coroutines=true
27-Feb-2025 00:00:13.706 INFO [main] org.apache.catalina.startup.VersionLoggerListener.log Argument de la ligne de commande : -Dkotlinx.coroutines.debug.enable.flows.stack.trace=true
27-Feb-2025 00:00:13.706 INFO [main] org.apache.catalina.startup.VersionLoggerListener.log Argument de la ligne de commande : -Dkotlinx.coroutines.debug.enable.mutable.state.flows.stack.trace=true
27-Feb-2025 00:00:13.706 INFO [main] org.apache.catalina.startup.VersionLoggerListener.log Argument de la ligne de commande : -Dfile.encoding=UTF-8
27-Feb-2025 00:00:13.706 INFO [main] org.apache.catalina.startup.VersionLoggerListener.log Argument de la ligne de commande : -Dsun.stdout.encoding=UTF-8
27-Feb-2025 00:00:13.706 INFO [main] org.apache.catalina.startup.VersionLoggerListener.log Argument de la ligne de commande : -Dsun.stderr.encoding=UTF-8
27-Feb-2025 00:00:13.714 INFO [main] org.apache.catalina.core.AprLifecycleListener.lifecycleEvent La librairie Apache Tomcat Native basée sur APR qui permet des performances optimales dans les environnements de production n'a pas été trouvée sur le java.library.path : [C:\Program Files\Java\jdk-23\bin;C:\WINDOWS\Sun\Java\bin;C:\WINDOWS\system32;C:\WINDOWS;C:\Program Files\Common Files\Oracle\Java\javapath;C:\Program Files (x86)\VMware\VMware Workstation\bin\;C:\Program Files\Microsoft MPI\Bin\;C:\ProgramData\Oracle\Java\javapath;C:\WINDOWS\system32;C:\WINDOWS;C:\WINDOWS\System32\Wbem;C:\WINDOWS\System32\WindowsPowerShell\v1.0\;C:\WINDOWS\System32\OpenSSH\;C:\Program Files\Microsoft\Web Platform Installer\;C:\Program Files (x86)\Microsoft ASP.NET\ASP.NET Web Pages\v1.0\;C:\Program Files\Microsoft SQL Server\110\Tools\Binn\;C:\Program Files (x86)\Microsoft SQL Server\150\Tools\Binn\;C:\Program Files\Microsoft SQL Server\150\Tools\Binn\;C:\Program Files (x86)\Microsoft SQL Server\150\DTS\Binn\;C:\Program Files\Microsoft SQL Server\150\DTS\Binn\;C:\Program Files\Microsoft SQL Server\Client SDK\ODBC\170\Tools\Binn\;C:\Program Files\Azure Data Studio\bin;C:\MinGW\bin;C:\Program Files\Git\cmd;C:\Program Files\MySQL\MySQL Shell 8.0\bin\;C:\Users\HP\AppData\Local\Microsoft\WindowsApps;C:\Program Files\Azure Data Studio\bin;C:\MinGW\bin;C:\Users\HP\AppData\Local\Programs\Microsoft VS Code\bin;.]
27-Feb-2025 00:00:14.102 INFO [main] org.apache.coyote.AbstractProtocol.init Initialisation du gestionnaire de protocole ["http-nio-8089"]
27-Feb-2025 00:00:14.136 INFO [main] org.apache.catalina.startup.Catalina.load L'initialisation du serveur a pris [756] millisecondes
27-Feb-2025 00:00:14.206 INFO [main] org.apache.catalina.core.StandardService.startInternal Démarrage du service [Catalina]
27-Feb-2025 00:00:14.206 INFO [main] org.apache.catalina.core.StandardEngine.startInternal Démarrage du moteur de Servlets : [Apache Tomcat/10.1.36]
27-Feb-2025 00:00:14.223 INFO [main] org.apache.catalina.startup.HostConfig.deployDescriptor Déploiement du descripteur de configuration [C:\Users\HP\OneDrive\Bureau\ENAA\JEE\DoctorRV-Login\DoctorRV_New\conf\Catalina\localhost\DoctorRV_New.xml]
27-Feb-2025 00:00:15.580 INFO [main] org.apache.jasper.servlet.TldScanner.scanJars Au moins un fichier JAR a été analysé pour trouver des TLDs mais il n'en contenait pas, le mode "debug" du journal peut être activé pour obtenir une liste complète de JAR scannés sans succès ; éviter d'analyser des JARs inutilement peut améliorer sensiblement le temps de démarrage et le temps de compilation des JSPs
27-Feb-2025 00:00:15.678 INFO [main] org.apache.catalina.startup.HostConfig.deployDescriptor Le traitement du descripteur de déploiement [C:\Users\HP\OneDrive\Bureau\ENAA\JEE\DoctorRV-Login\DoctorRV_New\conf\Catalina\localhost\DoctorRV_New.xml] a pris [1 452] ms
27-Feb-2025 00:00:15.684 INFO [main] org.apache.coyote.AbstractProtocol.start Démarrage du gestionnaire de protocole ["http-nio-8089"]
27-Feb-2025 00:00:15.709 INFO [main] org.apache.catalina.startup.Catalina.start Le démarrage du serveur a pris [1572] millisecondes
27-Feb-2025 00:02:57.805 INFO [Thread-1] org.apache.coyote.AbstractProtocol.pause Le gestionnaire de protocole ["http-nio-8089"] est mis en pause
27-Feb-2025 00:02:57.810 INFO [Thread-1] org.apache.catalina.core.StandardService.stopInternal Arrêt du service [Catalina]
27-Feb-2025 00:02:57.813 INFO [Thread-1] org.apache.catalina.core.StandardWrapper.unload Attente de la désallocation de [1] instance(s) du Servlet [jsp]
27-Feb-2025 00:02:57.922 WARNING [Thread-1] org.apache.catalina.loader.WebappClassLoaderBase.clearReferencesJdbc L'application web [DoctorRV_New] a enregistré un pilote JDBC [com.mysql.cj.jdbc.Driver], mais ne l'a pas désenregistré avant l'arrêt de l'application.  Pour éviter une fuite de mémoire, le pilote JDBC a été désenregistré de force.
27-Feb-2025 00:02:57.924 WARNING [Thread-1] org.apache.catalina.loader.WebappClassLoaderBase.clearReferencesThreads L'application web [DoctorRV_New] semble avoir démarré un thread nommé [mysql-cj-abandoned-connection-cleanup] mais ne l'a pas arrêté, ce qui va probablement créer une fuite de mémoire ; la trace du thread est : 
 java.base/jdk.internal.misc.Unsafe.park(Native Method)
 java.base/java.util.concurrent.locks.LockSupport.parkNanos(LockSupport.java:269)
 java.base/java.util.concurrent.locks.AbstractQueuedSynchronizer$ConditionObject.await(AbstractQueuedSynchronizer.java:1852)
 java.base/java.lang.ref.ReferenceQueue.await(ReferenceQueue.java:79)
 java.base/java.lang.ref.ReferenceQueue.remove0(ReferenceQueue.java:151)
 java.base/java.lang.ref.ReferenceQueue.remove(ReferenceQueue.java:229)
 com.mysql.cj.jdbc.AbandonedConnectionCleanupThread.run(AbandonedConnectionCleanupThread.java:91)
 java.base/java.util.concurrent.ThreadPoolExecutor.runWorker(ThreadPoolExecutor.java:1144)
 java.base/java.util.concurrent.ThreadPoolExecutor$Worker.run(ThreadPoolExecutor.java:642)
 java.base/java.lang.Thread.run(Thread.java:1575)
27-Feb-2025 00:02:57.938 INFO [Thread-1] org.apache.coyote.AbstractProtocol.stop Arrêt du gestionnaire de protocole ["http-nio-8089"]
27-Feb-2025 00:02:57.947 INFO [Thread-1] org.apache.coyote.AbstractProtocol.destroy Destruction du gestionnaire de protocole ["http-nio-8089"]
27-Feb-2025 00:03:12.073 INFO [main] org.apache.catalina.startup.VersionLoggerListener.log Nom version serveur :              Apache Tomcat/10.1.36
27-Feb-2025 00:03:12.078 INFO [main] org.apache.catalina.startup.VersionLoggerListener.log Serveur compilé :                  Feb 13 2025 13:13:30 UTC
27-Feb-2025 00:03:12.078 INFO [main] org.apache.catalina.startup.VersionLoggerListener.log Version du serveur :               10.1.36.0
27-Feb-2025 00:03:12.078 INFO [main] org.apache.catalina.startup.VersionLoggerListener.log Nom de l'OS :                      Windows 11
27-Feb-2025 00:03:12.078 INFO [main] org.apache.catalina.startup.VersionLoggerListener.log Version OS :                       10.0
27-Feb-2025 00:03:12.078 INFO [main] org.apache.catalina.startup.VersionLoggerListener.log Architecture :                     amd64
27-Feb-2025 00:03:12.078 INFO [main] org.apache.catalina.startup.VersionLoggerListener.log Java Home :                        C:\Program Files\Java\jdk-23
27-Feb-2025 00:03:12.078 INFO [main] org.apache.catalina.startup.VersionLoggerListener.log Version JVM :                      23.0.1+11-39
27-Feb-2025 00:03:12.078 INFO [main] org.apache.catalina.startup.VersionLoggerListener.log Fournisseur de la JVM :            Oracle Corporation
27-Feb-2025 00:03:12.079 INFO [main] org.apache.catalina.startup.VersionLoggerListener.log CATALINA_BASE :                    C:\Users\HP\OneDrive\Bureau\ENAA\JEE\DoctorRV-Login\DoctorRV_New
27-Feb-2025 00:03:12.079 INFO [main] org.apache.catalina.startup.VersionLoggerListener.log CATALINA_HOME :                    C:\Program Files (x86)\Apache Software Foundation\Tomcat 10.1
27-Feb-2025 00:03:12.088 INFO [main] org.apache.catalina.startup.VersionLoggerListener.log Argument de la ligne de commande : --add-opens=java.base/java.lang=ALL-UNNAMED
27-Feb-2025 00:03:12.088 INFO [main] org.apache.catalina.startup.VersionLoggerListener.log Argument de la ligne de commande : --add-opens=java.base/java.io=ALL-UNNAMED
27-Feb-2025 00:03:12.088 INFO [main] org.apache.catalina.startup.VersionLoggerListener.log Argument de la ligne de commande : --add-opens=java.base/java.util=ALL-UNNAMED
27-Feb-2025 00:03:12.088 INFO [main] org.apache.catalina.startup.VersionLoggerListener.log Argument de la ligne de commande : --add-opens=java.base/java.util.concurrent=ALL-UNNAMED
27-Feb-2025 00:03:12.088 INFO [main] org.apache.catalina.startup.VersionLoggerListener.log Argument de la ligne de commande : --add-opens=java.rmi/sun.rmi.transport=ALL-UNNAMED
27-Feb-2025 00:03:12.088 INFO [main] org.apache.catalina.startup.VersionLoggerListener.log Argument de la ligne de commande : -Dcatalina.home=C:\Program Files (x86)\Apache Software Foundation\Tomcat 10.1
27-Feb-2025 00:03:12.088 INFO [main] org.apache.catalina.startup.VersionLoggerListener.log Argument de la ligne de commande : -Dcatalina.base=C:\Users\HP\OneDrive\Bureau\ENAA\JEE\DoctorRV-Login\DoctorRV_New
27-Feb-2025 00:03:12.088 INFO [main] org.apache.catalina.startup.VersionLoggerListener.log Argument de la ligne de commande : -Djava.io.tmpdir=C:\Users\HP\OneDrive\Bureau\ENAA\JEE\DoctorRV-Login\DoctorRV_New\temp
27-Feb-2025 00:03:12.088 INFO [main] org.apache.catalina.startup.VersionLoggerListener.log Argument de la ligne de commande : -Djava.util.logging.config.file=C:\Users\HP\OneDrive\Bureau\ENAA\JEE\DoctorRV-Login\DoctorRV_New\conf\logging.properties
27-Feb-2025 00:03:12.088 INFO [main] org.apache.catalina.startup.VersionLoggerListener.log Argument de la ligne de commande : -Djava.util.logging.manager=org.apache.juli.ClassLoaderLogManager
27-Feb-2025 00:03:12.088 INFO [main] org.apache.catalina.startup.VersionLoggerListener.log Argument de la ligne de commande : -javaagent:C:\Program Files\JetBrains\IntelliJ IDEA 2024.3\lib\idea_rt.jar=59091:C:\Program Files\JetBrains\IntelliJ IDEA 2024.3\bin
27-Feb-2025 00:03:12.088 INFO [main] org.apache.catalina.startup.VersionLoggerListener.log Argument de la ligne de commande : -Dfile.encoding=UTF-8
27-Feb-2025 00:03:12.088 INFO [main] org.apache.catalina.startup.VersionLoggerListener.log Argument de la ligne de commande : -Dsun.stdout.encoding=UTF-8
27-Feb-2025 00:03:12.088 INFO [main] org.apache.catalina.startup.VersionLoggerListener.log Argument de la ligne de commande : -Dsun.stderr.encoding=UTF-8
27-Feb-2025 00:03:12.095 INFO [main] org.apache.catalina.core.AprLifecycleListener.lifecycleEvent La librairie Apache Tomcat Native basée sur APR qui permet des performances optimales dans les environnements de production n'a pas été trouvée sur le java.library.path : [C:\Program Files\Java\jdk-23\bin;C:\WINDOWS\Sun\Java\bin;C:\WINDOWS\system32;C:\WINDOWS;C:\Program Files\Common Files\Oracle\Java\javapath;C:\Program Files (x86)\VMware\VMware Workstation\bin\;C:\Program Files\Microsoft MPI\Bin\;C:\ProgramData\Oracle\Java\javapath;C:\WINDOWS\system32;C:\WINDOWS;C:\WINDOWS\System32\Wbem;C:\WINDOWS\System32\WindowsPowerShell\v1.0\;C:\WINDOWS\System32\OpenSSH\;C:\Program Files\Microsoft\Web Platform Installer\;C:\Program Files (x86)\Microsoft ASP.NET\ASP.NET Web Pages\v1.0\;C:\Program Files\Microsoft SQL Server\110\Tools\Binn\;C:\Program Files (x86)\Microsoft SQL Server\150\Tools\Binn\;C:\Program Files\Microsoft SQL Server\150\Tools\Binn\;C:\Program Files (x86)\Microsoft SQL Server\150\DTS\Binn\;C:\Program Files\Microsoft SQL Server\150\DTS\Binn\;C:\Program Files\Microsoft SQL Server\Client SDK\ODBC\170\Tools\Binn\;C:\Program Files\Azure Data Studio\bin;C:\MinGW\bin;C:\Program Files\Git\cmd;C:\Program Files\MySQL\MySQL Shell 8.0\bin\;C:\Users\HP\AppData\Local\Microsoft\WindowsApps;C:\Program Files\Azure Data Studio\bin;C:\MinGW\bin;C:\Users\HP\AppData\Local\Programs\Microsoft VS Code\bin;.]
27-Feb-2025 00:03:12.445 INFO [main] org.apache.coyote.AbstractProtocol.init Initialisation du gestionnaire de protocole ["http-nio-8089"]
27-Feb-2025 00:03:12.465 INFO [main] org.apache.catalina.startup.Catalina.load L'initialisation du serveur a pris [659] millisecondes
27-Feb-2025 00:03:12.524 INFO [main] org.apache.catalina.core.StandardService.startInternal Démarrage du service [Catalina]
27-Feb-2025 00:03:12.525 INFO [main] org.apache.catalina.core.StandardEngine.startInternal Démarrage du moteur de Servlets : [Apache Tomcat/10.1.36]
27-Feb-2025 00:03:12.536 INFO [main] org.apache.catalina.startup.HostConfig.deployDescriptor Déploiement du descripteur de configuration [C:\Users\HP\OneDrive\Bureau\ENAA\JEE\DoctorRV-Login\DoctorRV_New\conf\Catalina\localhost\DoctorRV_New.xml]
27-Feb-2025 00:03:13.895 INFO [main] org.apache.jasper.servlet.TldScanner.scanJars Au moins un fichier JAR a été analysé pour trouver des TLDs mais il n'en contenait pas, le mode "debug" du journal peut être activé pour obtenir une liste complète de JAR scannés sans succès ; éviter d'analyser des JARs inutilement peut améliorer sensiblement le temps de démarrage et le temps de compilation des JSPs
27-Feb-2025 00:03:13.989 INFO [main] org.apache.catalina.startup.HostConfig.deployDescriptor Le traitement du descripteur de déploiement [C:\Users\HP\OneDrive\Bureau\ENAA\JEE\DoctorRV-Login\DoctorRV_New\conf\Catalina\localhost\DoctorRV_New.xml] a pris [1 450] ms
27-Feb-2025 00:03:13.992 INFO [main] org.apache.coyote.AbstractProtocol.start Démarrage du gestionnaire de protocole ["http-nio-8089"]
27-Feb-2025 00:03:14.014 INFO [main] org.apache.catalina.startup.Catalina.start Le démarrage du serveur a pris [1547] millisecondes
27-Feb-2025 00:07:24.223 INFO [Catalina-utility-1] org.apache.catalina.startup.HostConfig.reload Rechargement du contexte [/DoctorRV_New]
27-Feb-2025 00:07:24.223 INFO [Catalina-utility-1] org.apache.catalina.core.StandardContext.reload Le rechargement du contexte [/DoctorRV_New] a démarré
27-Feb-2025 00:07:24.233 WARNING [Catalina-utility-1] org.apache.catalina.loader.WebappClassLoaderBase.clearReferencesJdbc L'application web [DoctorRV_New] a enregistré un pilote JDBC [com.mysql.cj.jdbc.Driver], mais ne l'a pas désenregistré avant l'arrêt de l'application.  Pour éviter une fuite de mémoire, le pilote JDBC a été désenregistré de force.
27-Feb-2025 00:07:24.235 WARNING [Catalina-utility-1] org.apache.catalina.loader.WebappClassLoaderBase.clearReferencesThreads L'application web [DoctorRV_New] semble avoir démarré un thread nommé [mysql-cj-abandoned-connection-cleanup] mais ne l'a pas arrêté, ce qui va probablement créer une fuite de mémoire ; la trace du thread est : 
 java.base/jdk.internal.misc.Unsafe.park(Native Method)
 java.base/java.util.concurrent.locks.LockSupport.parkNanos(LockSupport.java:269)
 java.base/java.util.concurrent.locks.AbstractQueuedSynchronizer$ConditionObject.await(AbstractQueuedSynchronizer.java:1852)
 java.base/java.lang.ref.ReferenceQueue.await(ReferenceQueue.java:79)
 java.base/java.lang.ref.ReferenceQueue.remove0(ReferenceQueue.java:151)
 java.base/java.lang.ref.ReferenceQueue.remove(ReferenceQueue.java:229)
 com.mysql.cj.jdbc.AbandonedConnectionCleanupThread.run(AbandonedConnectionCleanupThread.java:91)
 java.base/java.util.concurrent.ThreadPoolExecutor.runWorker(ThreadPoolExecutor.java:1144)
 java.base/java.util.concurrent.ThreadPoolExecutor$Worker.run(ThreadPoolExecutor.java:642)
 java.base/java.lang.Thread.run(Thread.java:1575)
27-Feb-2025 00:07:25.446 INFO [Catalina-utility-1] org.apache.jasper.servlet.TldScanner.scanJars Au moins un fichier JAR a été analysé pour trouver des TLDs mais il n'en contenait pas, le mode "debug" du journal peut être activé pour obtenir une liste complète de JAR scannés sans succès ; éviter d'analyser des JARs inutilement peut améliorer sensiblement le temps de démarrage et le temps de compilation des JSPs
27-Feb-2025 00:07:25.497 INFO [Catalina-utility-1] org.apache.catalina.core.StandardContext.reload Le rechargement de ce contexte est terminé
27-Feb-2025 00:07:26.022 INFO [mysql-cj-abandoned-connection-cleanup] org.apache.catalina.loader.WebappClassLoaderBase.checkStateForResourceLoading Impossible de charger [], ce chargeur de classes a déjà été arrêté
	java.lang.IllegalStateException: Impossible de charger [], ce chargeur de classes a déjà été arrêté
		at org.apache.catalina.loader.WebappClassLoaderBase.checkStateForResourceLoading(WebappClassLoaderBase.java:1394)
		at org.apache.catalina.loader.WebappClassLoaderBase.getResource(WebappClassLoaderBase.java:985)
		at com.mysql.cj.jdbc.AbandonedConnectionCleanupThread.checkThreadContextClassLoader(AbandonedConnectionCleanupThread.java:123)
		at com.mysql.cj.jdbc.AbandonedConnectionCleanupThread.run(AbandonedConnectionCleanupThread.java:90)
		at java.base/java.util.concurrent.ThreadPoolExecutor.runWorker(ThreadPoolExecutor.java:1144)
		at java.base/java.util.concurrent.ThreadPoolExecutor$Worker.run(ThreadPoolExecutor.java:642)
		at java.base/java.lang.Thread.run(Thread.java:1575)
27-Feb-2025 00:08:34.715 INFO [Thread-1] org.apache.coyote.AbstractProtocol.pause Le gestionnaire de protocole ["http-nio-8089"] est mis en pause
27-Feb-2025 00:08:34.720 INFO [Thread-1] org.apache.catalina.core.StandardService.stopInternal Arrêt du service [Catalina]
27-Feb-2025 00:08:34.724 INFO [Thread-1] org.apache.coyote.AbstractProtocol.stop Arrêt du gestionnaire de protocole ["http-nio-8089"]
27-Feb-2025 00:08:34.730 INFO [Thread-1] org.apache.coyote.AbstractProtocol.destroy Destruction du gestionnaire de protocole ["http-nio-8089"]
27-Feb-2025 00:08:47.410 INFO [main] org.apache.catalina.startup.VersionLoggerListener.log Nom version serveur :              Apache Tomcat/10.1.36
27-Feb-2025 00:08:47.424 INFO [main] org.apache.catalina.startup.VersionLoggerListener.log Serveur compilé :                  Feb 13 2025 13:13:30 UTC
27-Feb-2025 00:08:47.424 INFO [main] org.apache.catalina.startup.VersionLoggerListener.log Version du serveur :               10.1.36.0
27-Feb-2025 00:08:47.424 INFO [main] org.apache.catalina.startup.VersionLoggerListener.log Nom de l'OS :                      Windows 11
27-Feb-2025 00:08:47.424 INFO [main] org.apache.catalina.startup.VersionLoggerListener.log Version OS :                       10.0
27-Feb-2025 00:08:47.424 INFO [main] org.apache.catalina.startup.VersionLoggerListener.log Architecture :                     amd64
27-Feb-2025 00:08:47.424 INFO [main] org.apache.catalina.startup.VersionLoggerListener.log Java Home :                        C:\Program Files\Java\jdk-23
27-Feb-2025 00:08:47.424 INFO [main] org.apache.catalina.startup.VersionLoggerListener.log Version JVM :                      23.0.1+11-39
27-Feb-2025 00:08:47.424 INFO [main] org.apache.catalina.startup.VersionLoggerListener.log Fournisseur de la JVM :            Oracle Corporation
27-Feb-2025 00:08:47.424 INFO [main] org.apache.catalina.startup.VersionLoggerListener.log CATALINA_BASE :                    C:\Users\HP\OneDrive\Bureau\ENAA\JEE\DoctorRV-Login\DoctorRV_New
27-Feb-2025 00:08:47.424 INFO [main] org.apache.catalina.startup.VersionLoggerListener.log CATALINA_HOME :                    C:\Program Files (x86)\Apache Software Foundation\Tomcat 10.1
27-Feb-2025 00:08:47.436 INFO [main] org.apache.catalina.startup.VersionLoggerListener.log Argument de la ligne de commande : --add-opens=java.base/java.lang=ALL-UNNAMED
27-Feb-2025 00:08:47.436 INFO [main] org.apache.catalina.startup.VersionLoggerListener.log Argument de la ligne de commande : --add-opens=java.base/java.io=ALL-UNNAMED
27-Feb-2025 00:08:47.436 INFO [main] org.apache.catalina.startup.VersionLoggerListener.log Argument de la ligne de commande : --add-opens=java.base/java.util=ALL-UNNAMED
27-Feb-2025 00:08:47.436 INFO [main] org.apache.catalina.startup.VersionLoggerListener.log Argument de la ligne de commande : --add-opens=java.base/java.util.concurrent=ALL-UNNAMED
27-Feb-2025 00:08:47.436 INFO [main] org.apache.catalina.startup.VersionLoggerListener.log Argument de la ligne de commande : --add-opens=java.rmi/sun.rmi.transport=ALL-UNNAMED
27-Feb-2025 00:08:47.436 INFO [main] org.apache.catalina.startup.VersionLoggerListener.log Argument de la ligne de commande : -agentlib:jdwp=transport=dt_socket,address=127.0.0.1:59305,suspend=y,server=n
27-Feb-2025 00:08:47.436 INFO [main] org.apache.catalina.startup.VersionLoggerListener.log Argument de la ligne de commande : -Dcatalina.home=C:\Program Files (x86)\Apache Software Foundation\Tomcat 10.1
27-Feb-2025 00:08:47.436 INFO [main] org.apache.catalina.startup.VersionLoggerListener.log Argument de la ligne de commande : -Dcatalina.base=C:\Users\HP\OneDrive\Bureau\ENAA\JEE\DoctorRV-Login\DoctorRV_New
27-Feb-2025 00:08:47.436 INFO [main] org.apache.catalina.startup.VersionLoggerListener.log Argument de la ligne de commande : -Djava.io.tmpdir=C:\Users\HP\OneDrive\Bureau\ENAA\JEE\DoctorRV-Login\DoctorRV_New\temp
27-Feb-2025 00:08:47.437 INFO [main] org.apache.catalina.startup.VersionLoggerListener.log Argument de la ligne de commande : -Djava.util.logging.config.file=C:\Users\HP\OneDrive\Bureau\ENAA\JEE\DoctorRV-Login\DoctorRV_New\conf\logging.properties
27-Feb-2025 00:08:47.437 INFO [main] org.apache.catalina.startup.VersionLoggerListener.log Argument de la ligne de commande : -Djava.util.logging.manager=org.apache.juli.ClassLoaderLogManager
27-Feb-2025 00:08:47.437 INFO [main] org.apache.catalina.startup.VersionLoggerListener.log Argument de la ligne de commande : -javaagent:C:\Users\HP\AppData\Local\JetBrains\IntelliJIdea2024.3\captureAgent\debugger-agent.jar
27-Feb-2025 00:08:47.437 INFO [main] org.apache.catalina.startup.VersionLoggerListener.log Argument de la ligne de commande : -Dkotlinx.coroutines.debug.enable.creation.stack.trace=false
27-Feb-2025 00:08:47.437 INFO [main] org.apache.catalina.startup.VersionLoggerListener.log Argument de la ligne de commande : -Ddebugger.agent.enable.coroutines=true
27-Feb-2025 00:08:47.437 INFO [main] org.apache.catalina.startup.VersionLoggerListener.log Argument de la ligne de commande : -Dkotlinx.coroutines.debug.enable.flows.stack.trace=true
27-Feb-2025 00:08:47.437 INFO [main] org.apache.catalina.startup.VersionLoggerListener.log Argument de la ligne de commande : -Dkotlinx.coroutines.debug.enable.mutable.state.flows.stack.trace=true
27-Feb-2025 00:08:47.437 INFO [main] org.apache.catalina.startup.VersionLoggerListener.log Argument de la ligne de commande : -Dfile.encoding=UTF-8
27-Feb-2025 00:08:47.437 INFO [main] org.apache.catalina.startup.VersionLoggerListener.log Argument de la ligne de commande : -Dsun.stdout.encoding=UTF-8
27-Feb-2025 00:08:47.437 INFO [main] org.apache.catalina.startup.VersionLoggerListener.log Argument de la ligne de commande : -Dsun.stderr.encoding=UTF-8
27-Feb-2025 00:08:47.445 INFO [main] org.apache.catalina.core.AprLifecycleListener.lifecycleEvent La librairie Apache Tomcat Native basée sur APR qui permet des performances optimales dans les environnements de production n'a pas été trouvée sur le java.library.path : [C:\Program Files\Java\jdk-23\bin;C:\WINDOWS\Sun\Java\bin;C:\WINDOWS\system32;C:\WINDOWS;C:\Program Files\Common Files\Oracle\Java\javapath;C:\Program Files (x86)\VMware\VMware Workstation\bin\;C:\Program Files\Microsoft MPI\Bin\;C:\ProgramData\Oracle\Java\javapath;C:\WINDOWS\system32;C:\WINDOWS;C:\WINDOWS\System32\Wbem;C:\WINDOWS\System32\WindowsPowerShell\v1.0\;C:\WINDOWS\System32\OpenSSH\;C:\Program Files\Microsoft\Web Platform Installer\;C:\Program Files (x86)\Microsoft ASP.NET\ASP.NET Web Pages\v1.0\;C:\Program Files\Microsoft SQL Server\110\Tools\Binn\;C:\Program Files (x86)\Microsoft SQL Server\150\Tools\Binn\;C:\Program Files\Microsoft SQL Server\150\Tools\Binn\;C:\Program Files (x86)\Microsoft SQL Server\150\DTS\Binn\;C:\Program Files\Microsoft SQL Server\150\DTS\Binn\;C:\Program Files\Microsoft SQL Server\Client SDK\ODBC\170\Tools\Binn\;C:\Program Files\Azure Data Studio\bin;C:\MinGW\bin;C:\Program Files\Git\cmd;C:\Program Files\MySQL\MySQL Shell 8.0\bin\;C:\Users\HP\AppData\Local\Microsoft\WindowsApps;C:\Program Files\Azure Data Studio\bin;C:\MinGW\bin;C:\Users\HP\AppData\Local\Programs\Microsoft VS Code\bin;.]
27-Feb-2025 00:08:47.872 INFO [main] org.apache.coyote.AbstractProtocol.init Initialisation du gestionnaire de protocole ["http-nio-8089"]
27-Feb-2025 00:08:47.906 INFO [main] org.apache.catalina.startup.Catalina.load L'initialisation du serveur a pris [803] millisecondes
27-Feb-2025 00:08:47.976 INFO [main] org.apache.catalina.core.StandardService.startInternal Démarrage du service [Catalina]
27-Feb-2025 00:08:47.976 INFO [main] org.apache.catalina.core.StandardEngine.startInternal Démarrage du moteur de Servlets : [Apache Tomcat/10.1.36]
27-Feb-2025 00:08:47.992 INFO [main] org.apache.catalina.startup.HostConfig.deployDescriptor Déploiement du descripteur de configuration [C:\Users\HP\OneDrive\Bureau\ENAA\JEE\DoctorRV-Login\DoctorRV_New\conf\Catalina\localhost\DoctorRV_New.xml]
27-Feb-2025 00:08:49.390 INFO [main] org.apache.jasper.servlet.TldScanner.scanJars Au moins un fichier JAR a été analysé pour trouver des TLDs mais il n'en contenait pas, le mode "debug" du journal peut être activé pour obtenir une liste complète de JAR scannés sans succès ; éviter d'analyser des JARs inutilement peut améliorer sensiblement le temps de démarrage et le temps de compilation des JSPs
27-Feb-2025 00:08:49.500 INFO [main] org.apache.catalina.startup.HostConfig.deployDescriptor Le traitement du descripteur de déploiement [C:\Users\HP\OneDrive\Bureau\ENAA\JEE\DoctorRV-Login\DoctorRV_New\conf\Catalina\localhost\DoctorRV_New.xml] a pris [1 506] ms
27-Feb-2025 00:08:49.508 INFO [main] org.apache.coyote.AbstractProtocol.start Démarrage du gestionnaire de protocole ["http-nio-8089"]
27-Feb-2025 00:08:49.533 INFO [main] org.apache.catalina.startup.Catalina.start Le démarrage du serveur a pris [1623] millisecondes
